<?xml version="1.0" encoding="UTF-8"?>
<testng-results ignored="0" total="2" passed="2" failed="0" skipped="0">
  <reporter-output>
  </reporter-output>
  <suite started-at="2023-04-04T21:05:12 EDT" name="Suite" finished-at="2023-04-04T21:05:12 EDT" duration-ms="215">
    <groups>
    </groups>
    <test started-at="2023-04-04T21:05:12 EDT" name="Test" finished-at="2023-04-04T21:05:12 EDT" duration-ms="215">
      <class name="UnitTestingPackage.AnnotationTesting">
        <test-method is-config="true" signature="beforeClass()[pri:0, instance:UnitTestingPackage.AnnotationTesting@5b03b9fe]" started-at="2023-04-04T21:05:12 EDT" name="beforeClass" finished-at="2023-04-04T21:05:12 EDT" duration-ms="19" status="PASS">
          <reporter-output>
          </reporter-output>
        </test-method> <!-- beforeClass -->
        <test-method signature="test1()[pri:0, instance:UnitTestingPackage.AnnotationTesting@5b03b9fe]" started-at="2023-04-04T21:05:12 EDT" name="test1" finished-at="2023-04-04T21:05:12 EDT" duration-ms="24" status="PASS">
          <reporter-output>
          </reporter-output>
        </test-method> <!-- test1 -->
        <test-method is-config="true" signature="afterClass()[pri:0, instance:UnitTestingPackage.AnnotationTesting@5b03b9fe]" started-at="2023-04-04T21:05:12 EDT" name="afterClass" finished-at="2023-04-04T21:05:12 EDT" duration-ms="22" status="PASS">
          <reporter-output>
          </reporter-output>
        </test-method> <!-- afterClass -->
        <test-method is-config="true" signature="beforeClass()[pri:0, instance:UnitTestingPackage.AnnotationTesting@5b03b9fe]" started-at="2023-04-04T21:05:12 EDT" name="beforeClass" finished-at="2023-04-04T21:05:12 EDT" duration-ms="4" status="PASS">
          <reporter-output>
          </reporter-output>
        </test-method> <!-- beforeClass -->
        <test-method signature="test2()[pri:0, instance:UnitTestingPackage.AnnotationTesting@5b03b9fe]" started-at="2023-04-04T21:05:12 EDT" name="test2" finished-at="2023-04-04T21:05:12 EDT" duration-ms="5" status="PASS">
          <reporter-output>
          </reporter-output>
        </test-method> <!-- test2 -->
        <test-method is-config="true" signature="afterClass()[pri:0, instance:UnitTestingPackage.AnnotationTesting@5b03b9fe]" started-at="2023-04-04T21:05:12 EDT" name="afterClass" finished-at="2023-04-04T21:05:12 EDT" duration-ms="4" status="PASS">
          <reporter-output>
          </reporter-output>
        </test-method> <!-- afterClass -->
      </class> <!-- UnitTestingPackage.AnnotationTesting -->
    </test> <!-- Test -->
  </suite> <!-- Suite -->
</testng-results>
